# JRE version: Java(TM) SE Runtime Environment (8.0_191-b12) (build 1.8.0_191-b12)
# Java VM: Java HotSpot(TM) 64-Bit Server VM (25.191-b12 mixed mode windows-amd64 compressed oops)
Heap:
 PSYoungGen      total 74752K, used 63356K [0x00000000eab00000, 0x00000000f4200000, 0x0000000100000000)
  eden space 64512K, 82% used [0x00000000eab00000,0x00000000ededf368,0x00000000eea00000)
  from space 10240K, 100% used [0x00000000eea00000,0x00000000ef400000,0x00000000ef400000)
  to   space 12800K, 0% used [0x00000000f3580000,0x00000000f3580000,0x00000000f4200000)
 ParOldGen       total 44032K, used 14379K [0x00000000c0000000, 0x00000000c2b00000, 0x00000000eab00000)
  object space 44032K, 32% used [0x00000000c0000000,0x00000000c0e0ae88,0x00000000c2b00000)
 Metaspace       used 19158K, capacity 19642K, committed 19712K, reserved 1067008K
  class space    used 2333K, capacity 2495K, committed 2560K, reserved 1048576K
GC Heap History (10 events):
Event: 1.208 GC heap before
{Heap before GC invocations=3 (full 0):
 PSYoungGen      total 18944K, used 18929K [0x00000000eab00000, 0x00000000ed000000, 0x0000000100000000)
  eden space 16384K, 100% used [0x00000000eab00000,0x00000000ebb00000,0x00000000ebb00000)
  from space 2560K, 99% used [0x00000000ebd80000,0x00000000ebffc6d8,0x00000000ec000000)
  to   space 2560K, 0% used [0x00000000ebb00000,0x00000000ebb00000,0x00000000ebd80000)
 ParOldGen       total 44032K, used 1139K [0x00000000c0000000, 0x00000000c2b00000, 0x00000000eab00000)
  object space 44032K, 2% used [0x00000000c0000000,0x00000000c011cfd0,0x00000000c2b00000)
 Metaspace       used 10078K, capacity 10238K, committed 10368K, reserved 1058816K
  class space    used 1271K, capacity 1347K, committed 1408K, reserved 1048576K
Event: 1.215 GC heap after
Heap after GC invocations=3 (full 0):
 PSYoungGen      total 18944K, used 2544K [0x00000000eab00000, 0x00000000ed000000, 0x0000000100000000)
  eden space 16384K, 0% used [0x00000000eab00000,0x00000000eab00000,0x00000000ebb00000)
  from space 2560K, 99% used [0x00000000ebb00000,0x00000000ebd7c010,0x00000000ebd80000)
  to   space 2560K, 0% used [0x00000000ecd80000,0x00000000ecd80000,0x00000000ed000000)
 ParOldGen       total 44032K, used 3281K [0x00000000c0000000, 0x00000000c2b00000, 0x00000000eab00000)
  object space 44032K, 7% used [0x00000000c0000000,0x00000000c0334650,0x00000000c2b00000)
 Metaspace       used 10078K, capacity 10238K, committed 10368K, reserved 1058816K
  class space    used 1271K, capacity 1347K, committed 1408K, reserved 1048576K
}
Event: 1.609 GC heap before
{Heap before GC invocations=4 (full 0):
 PSYoungGen      total 18944K, used 18928K [0x00000000eab00000, 0x00000000ed000000, 0x0000000100000000)
  eden space 16384K, 100% used [0x00000000eab00000,0x00000000ebb00000,0x00000000ebb00000)
  from space 2560K, 99% used [0x00000000ebb00000,0x00000000ebd7c010,0x00000000ebd80000)
  to   space 2560K, 0% used [0x00000000ecd80000,0x00000000ecd80000,0x00000000ed000000)
 ParOldGen       total 44032K, used 3281K [0x00000000c0000000, 0x00000000c2b00000, 0x00000000eab00000)
  object space 44032K, 7% used [0x00000000c0000000,0x00000000c0334650,0x00000000c2b00000)
 Metaspace       used 12087K, capacity 12244K, committed 12416K, reserved 1060864K
  class space    used 1542K, capacity 1606K, committed 1664K, reserved 1048576K
Event: 1.620 GC heap after
Heap after GC invocations=4 (full 0):
 PSYoungGen      total 35328K, used 2544K [0x00000000eab00000, 0x00000000ed000000, 0x0000000100000000)
  eden space 32768K, 0% used [0x00000000eab00000,0x00000000eab00000,0x00000000ecb00000)
  from space 2560K, 99% used [0x00000000ecd80000,0x00000000ecffc010,0x00000000ed000000)
  to   space 2560K, 0% used [0x00000000ecb00000,0x00000000ecb00000,0x00000000ecd80000)
 ParOldGen       total 44032K, used 5878K [0x00000000c0000000, 0x00000000c2b00000, 0x00000000eab00000)
  object space 44032K, 13% used [0x00000000c0000000,0x00000000c05bd870,0x00000000c2b00000)
 Metaspace       used 12087K, capacity 12244K, committed 12416K, reserved 1060864K
  class space    used 1542K, capacity 1606K, committed 1664K, reserved 1048576K
}
Event: 2.385 GC heap before
{Heap before GC invocations=5 (full 0):
 PSYoungGen      total 35328K, used 35312K [0x00000000eab00000, 0x00000000ed000000, 0x0000000100000000)
  eden space 32768K, 100% used [0x00000000eab00000,0x00000000ecb00000,0x00000000ecb00000)
  from space 2560K, 99% used [0x00000000ecd80000,0x00000000ecffc010,0x00000000ed000000)
  to   space 2560K, 0% used [0x00000000ecb00000,0x00000000ecb00000,0x00000000ecd80000)
 ParOldGen       total 44032K, used 5878K [0x00000000c0000000, 0x00000000c2b00000, 0x00000000eab00000)
  object space 44032K, 13% used [0x00000000c0000000,0x00000000c05bd870,0x00000000c2b00000)
 Metaspace       used 14275K, capacity 14472K, committed 14720K, reserved 1062912K
  class space    used 1759K, capacity 1844K, committed 1920K, reserved 1048576K
Event: 2.405 GC heap after
Heap after GC invocations=5 (full 0):
 PSYoungGen      total 35328K, used 2544K [0x00000000eab00000, 0x00000000efd00000, 0x0000000100000000)
  eden space 32768K, 0% used [0x00000000eab00000,0x00000000eab00000,0x00000000ecb00000)
  from space 2560K, 99% used [0x00000000ecb00000,0x00000000ecd7c010,0x00000000ecd80000)
  to   space 9216K, 0% used [0x00000000ef400000,0x00000000ef400000,0x00000000efd00000)
 ParOldGen       total 44032K, used 12183K [0x00000000c0000000, 0x00000000c2b00000, 0x00000000eab00000)
  object space 44032K, 27% used [0x00000000c0000000,0x00000000c0be5e60,0x00000000c2b00000)
 Metaspace       used 14275K, capacity 14472K, committed 14720K, reserved 1062912K
  class space    used 1759K, capacity 1844K, committed 1920K, reserved 1048576K
}
Event: 3.321 GC heap before
{Heap before GC invocations=6 (full 0):
 PSYoungGen      total 35328K, used 35312K [0x00000000eab00000, 0x00000000efd00000, 0x0000000100000000)
  eden space 32768K, 100% used [0x00000000eab00000,0x00000000ecb00000,0x00000000ecb00000)
  from space 2560K, 99% used [0x00000000ecb00000,0x00000000ecd7c010,0x00000000ecd80000)
  to   space 9216K, 0% used [0x00000000ef400000,0x00000000ef400000,0x00000000efd00000)
 ParOldGen       total 44032K, used 12183K [0x00000000c0000000, 0x00000000c2b00000, 0x00000000eab00000)
  object space 44032K, 27% used [0x00000000c0000000,0x00000000c0be5e60,0x00000000c2b00000)
 Metaspace       used 14769K, capacity 14958K, committed 15232K, reserved 1062912K
  class space    used 1795K, capacity 1877K, committed 1920K, reserved 1048576K
Event: 3.340 GC heap after
Heap after GC invocations=6 (full 0):
 PSYoungGen      total 73728K, used 7805K [0x00000000eab00000, 0x00000000eff00000, 0x0000000100000000)
  eden space 64512K, 0% used [0x00000000eab00000,0x00000000eab00000,0x00000000eea00000)
  from space 9216K, 84% used [0x00000000ef400000,0x00000000efb9f570,0x00000000efd00000)
  to   space 10240K, 0% used [0x00000000eea00000,0x00000000eea00000,0x00000000ef400000)
 ParOldGen       total 44032K, used 12183K [0x00000000c0000000, 0x00000000c2b00000, 0x00000000eab00000)
  object space 44032K, 27% used [0x00000000c0000000,0x00000000c0be5e60,0x00000000c2b00000)
 Metaspace       used 14769K, capacity 14958K, committed 15232K, reserved 1062912K
  class space    used 1795K, capacity 1877K, committed 1920K, reserved 1048576K
}
Event: 5.354 GC heap before
{Heap before GC invocations=7 (full 0):
 PSYoungGen      total 73728K, used 72317K [0x00000000eab00000, 0x00000000eff00000, 0x0000000100000000)
  eden space 64512K, 100% used [0x00000000eab00000,0x00000000eea00000,0x00000000eea00000)
  from space 9216K, 84% used [0x00000000ef400000,0x00000000efb9f570,0x00000000efd00000)
  to   space 10240K, 0% used [0x00000000eea00000,0x00000000eea00000,0x00000000ef400000)
 ParOldGen       total 44032K, used 12183K [0x00000000c0000000, 0x00000000c2b00000, 0x00000000eab00000)
  object space 44032K, 27% used [0x00000000c0000000,0x00000000c0be5e60,0x00000000c2b00000)
 Metaspace       used 15241K, capacity 15480K, committed 15744K, reserved 1062912K
  class space    used 1816K, capacity 1916K, committed 1920K, reserved 1048576K
Event: 5.380 GC heap after
Heap after GC invocations=7 (full 0):
 PSYoungGen      total 74752K, used 10240K [0x00000000eab00000, 0x00000000f4200000, 0x0000000100000000)
  eden space 64512K, 0% used [0x00000000eab00000,0x00000000eab00000,0x00000000eea00000)
  from space 10240K, 100% used [0x00000000eea00000,0x00000000ef400000,0x00000000ef400000)
  to   space 12800K, 0% used [0x00000000f3580000,0x00000000f3580000,0x00000000f4200000)
 ParOldGen       total 44032K, used 14379K [0x00000000c0000000, 0x00000000c2b00000, 0x00000000eab00000)
  object space 44032K, 32% used [0x00000000c0000000,0x00000000c0e0ae88,0x00000000c2b00000)
 Metaspace       used 15241K, capacity 15480K, committed 15744K, reserved 1062912K
  class space    used 1816K, capacity 1916K, committed 1920K, reserved 1048576K
}

