# JRE version: Java(TM) SE Runtime Environment (8.0_191-b12) (build 1.8.0_191-b12)
# Java VM: Java HotSpot(TM) 64-Bit Server VM (25.191-b12 mixed mode windows-amd64 compressed oops)
Heap:
 PSYoungGen      total 108032K, used 7275K [0x00000000eab00000, 0x00000000f5780000, 0x0000000100000000)
  eden space 93696K, 7% used [0x00000000eab00000,0x00000000eb21ac00,0x00000000f0680000)
  from space 14336K, 0% used [0x00000000f0680000,0x00000000f0680000,0x00000000f1480000)
  to   space 17408K, 0% used [0x00000000f4680000,0x00000000f4680000,0x00000000f5780000)
 ParOldGen       total 69120K, used 23631K [0x00000000c0000000, 0x00000000c4380000, 0x00000000eab00000)
  object space 69120K, 34% used [0x00000000c0000000,0x00000000c1713cd8,0x00000000c4380000)
 Metaspace       used 34472K, capacity 35948K, committed 36096K, reserved 1081344K
  class space    used 4494K, capacity 4803K, committed 4864K, reserved 1048576K
GC Heap History (10 events):
Event: 5.838 GC heap before
{Heap before GC invocations=5 (full 1):
 PSYoungGen      total 68096K, used 2528K [0x00000000eab00000, 0x00000000ef000000, 0x0000000100000000)
  eden space 65536K, 0% used [0x00000000eab00000,0x00000000eab00000,0x00000000eeb00000)
  from space 2560K, 98% used [0x00000000eed80000,0x00000000eeff8020,0x00000000ef000000)
  to   space 2560K, 0% used [0x00000000eeb00000,0x00000000eeb00000,0x00000000eed80000)
 ParOldGen       total 44032K, used 11463K [0x00000000c0000000, 0x00000000c2b00000, 0x00000000eab00000)
  object space 44032K, 26% used [0x00000000c0000000,0x00000000c0b31c48,0x00000000c2b00000)
 Metaspace       used 20669K, capacity 21146K, committed 21296K, reserved 1067008K
  class space    used 2688K, capacity 2844K, committed 2944K, reserved 1048576K
Event: 5.904 GC heap after
Heap after GC invocations=5 (full 1):
 PSYoungGen      total 68096K, used 0K [0x00000000eab00000, 0x00000000ef000000, 0x0000000100000000)
  eden space 65536K, 0% used [0x00000000eab00000,0x00000000eab00000,0x00000000eeb00000)
  from space 2560K, 0% used [0x00000000eed80000,0x00000000eed80000,0x00000000ef000000)
  to   space 2560K, 0% used [0x00000000eeb00000,0x00000000eeb00000,0x00000000eed80000)
 ParOldGen       total 40448K, used 8818K [0x00000000c0000000, 0x00000000c2780000, 0x00000000eab00000)
  object space 40448K, 21% used [0x00000000c0000000,0x00000000c089c9f8,0x00000000c2780000)
 Metaspace       used 20667K, capacity 21140K, committed 21296K, reserved 1067008K
  class space    used 2687K, capacity 2843K, committed 2944K, reserved 1048576K
}
Event: 10.719 GC heap before
{Heap before GC invocations=6 (full 1):
 PSYoungGen      total 68096K, used 65536K [0x00000000eab00000, 0x00000000ef000000, 0x0000000100000000)
  eden space 65536K, 100% used [0x00000000eab00000,0x00000000eeb00000,0x00000000eeb00000)
  from space 2560K, 0% used [0x00000000eed80000,0x00000000eed80000,0x00000000ef000000)
  to   space 2560K, 0% used [0x00000000eeb00000,0x00000000eeb00000,0x00000000eed80000)
 ParOldGen       total 40448K, used 8818K [0x00000000c0000000, 0x00000000c2780000, 0x00000000eab00000)
  object space 40448K, 21% used [0x00000000c0000000,0x00000000c089c9f8,0x00000000c2780000)
 Metaspace       used 23806K, capacity 24544K, committed 24576K, reserved 1071104K
  class space    used 3109K, capacity 3305K, committed 3328K, reserved 1048576K
Event: 10.743 GC heap after
Heap after GC invocations=6 (full 1):
 PSYoungGen      total 68096K, used 2560K [0x00000000eab00000, 0x00000000f1e80000, 0x0000000100000000)
  eden space 65536K, 0% used [0x00000000eab00000,0x00000000eab00000,0x00000000eeb00000)
  from space 2560K, 100% used [0x00000000eeb00000,0x00000000eed80000,0x00000000eed80000)
  to   space 10240K, 0% used [0x00000000f1480000,0x00000000f1480000,0x00000000f1e80000)
 ParOldGen       total 40448K, used 14133K [0x00000000c0000000, 0x00000000c2780000, 0x00000000eab00000)
  object space 40448K, 34% used [0x00000000c0000000,0x00000000c0dcd420,0x00000000c2780000)
 Metaspace       used 23806K, capacity 24544K, committed 24576K, reserved 1071104K
  class space    used 3109K, capacity 3305K, committed 3328K, reserved 1048576K
}
Event: 15.904 GC heap before
{Heap before GC invocations=7 (full 1):
 PSYoungGen      total 68096K, used 68096K [0x00000000eab00000, 0x00000000f1e80000, 0x0000000100000000)
  eden space 65536K, 100% used [0x00000000eab00000,0x00000000eeb00000,0x00000000eeb00000)
  from space 2560K, 100% used [0x00000000eeb00000,0x00000000eed80000,0x00000000eed80000)
  to   space 10240K, 0% used [0x00000000f1480000,0x00000000f1480000,0x00000000f1e80000)
 ParOldGen       total 40448K, used 14133K [0x00000000c0000000, 0x00000000c2780000, 0x00000000eab00000)
  object space 40448K, 34% used [0x00000000c0000000,0x00000000c0dcd420,0x00000000c2780000)
 Metaspace       used 31208K, capacity 32330K, committed 32512K, reserved 1077248K
  class space    used 4054K, capacity 4300K, committed 4352K, reserved 1048576K
Event: 15.941 GC heap after
Heap after GC invocations=7 (full 1):
 PSYoungGen      total 103936K, used 10209K [0x00000000eab00000, 0x00000000f2500000, 0x0000000100000000)
  eden space 93696K, 0% used [0x00000000eab00000,0x00000000eab00000,0x00000000f0680000)
  from space 10240K, 99% used [0x00000000f1480000,0x00000000f1e78640,0x00000000f1e80000)
  to   space 14336K, 0% used [0x00000000f0680000,0x00000000f0680000,0x00000000f1480000)
 ParOldGen       total 40448K, used 18364K [0x00000000c0000000, 0x00000000c2780000, 0x00000000eab00000)
  object space 40448K, 45% used [0x00000000c0000000,0x00000000c11ef278,0x00000000c2780000)
 Metaspace       used 31208K, capacity 32330K, committed 32512K, reserved 1077248K
  class space    used 4054K, capacity 4300K, committed 4352K, reserved 1048576K
}
Event: 18.659 GC heap before
{Heap before GC invocations=8 (full 1):
 PSYoungGen      total 103936K, used 54987K [0x00000000eab00000, 0x00000000f2500000, 0x0000000100000000)
  eden space 93696K, 47% used [0x00000000eab00000,0x00000000ed6ba7f8,0x00000000f0680000)
  from space 10240K, 99% used [0x00000000f1480000,0x00000000f1e78640,0x00000000f1e80000)
  to   space 14336K, 0% used [0x00000000f0680000,0x00000000f0680000,0x00000000f1480000)
 ParOldGen       total 40448K, used 18364K [0x00000000c0000000, 0x00000000c2780000, 0x00000000eab00000)
  object space 40448K, 45% used [0x00000000c0000000,0x00000000c11ef278,0x00000000c2780000)
 Metaspace       used 33986K, capacity 35380K, committed 35456K, reserved 1079296K
  class space    used 4420K, capacity 4719K, committed 4736K, reserved 1048576K
Event: 18.709 GC heap after
Heap after GC invocations=8 (full 1):
 PSYoungGen      total 108032K, used 14323K [0x00000000eab00000, 0x00000000f5780000, 0x0000000100000000)
  eden space 93696K, 0% used [0x00000000eab00000,0x00000000eab00000,0x00000000f0680000)
  from space 14336K, 99% used [0x00000000f0680000,0x00000000f147cd80,0x00000000f1480000)
  to   space 17408K, 0% used [0x00000000f4680000,0x00000000f4680000,0x00000000f5780000)
 ParOldGen       total 40448K, used 18700K [0x00000000c0000000, 0x00000000c2780000, 0x00000000eab00000)
  object space 40448K, 46% used [0x00000000c0000000,0x00000000c12431d8,0x00000000c2780000)
 Metaspace       used 33986K, capacity 35380K, committed 35456K, reserved 1079296K
  class space    used 4420K, capacity 4719K, committed 4736K, reserved 1048576K
}
Event: 18.709 GC heap before
{Heap before GC invocations=9 (full 2):
 PSYoungGen      total 108032K, used 14323K [0x00000000eab00000, 0x00000000f5780000, 0x0000000100000000)
  eden space 93696K, 0% used [0x00000000eab00000,0x00000000eab00000,0x00000000f0680000)
  from space 14336K, 99% used [0x00000000f0680000,0x00000000f147cd80,0x00000000f1480000)
  to   space 17408K, 0% used [0x00000000f4680000,0x00000000f4680000,0x00000000f5780000)
 ParOldGen       total 40448K, used 18700K [0x00000000c0000000, 0x00000000c2780000, 0x00000000eab00000)
  object space 40448K, 46% used [0x00000000c0000000,0x00000000c12431d8,0x00000000c2780000)
 Metaspace       used 33986K, capacity 35380K, committed 35456K, reserved 1079296K
  class space    used 4420K, capacity 4719K, committed 4736K, reserved 1048576K
Event: 18.923 GC heap after
Heap after GC invocations=9 (full 2):
 PSYoungGen      total 108032K, used 0K [0x00000000eab00000, 0x00000000f5780000, 0x0000000100000000)
  eden space 93696K, 0% used [0x00000000eab00000,0x00000000eab00000,0x00000000f0680000)
  from space 14336K, 0% used [0x00000000f0680000,0x00000000f0680000,0x00000000f1480000)
  to   space 17408K, 0% used [0x00000000f4680000,0x00000000f4680000,0x00000000f5780000)
 ParOldGen       total 69120K, used 23631K [0x00000000c0000000, 0x00000000c4380000, 0x00000000eab00000)
  object space 69120K, 34% used [0x00000000c0000000,0x00000000c1713cd8,0x00000000c4380000)
 Metaspace       used 33986K, capacity 35380K, committed 35456K, reserved 1079296K
  class space    used 4420K, capacity 4719K, committed 4736K, reserved 1048576K
}

