# JRE version: Java(TM) SE Runtime Environment (8.0_191-b12) (build 1.8.0_191-b12)
# Java VM: Java HotSpot(TM) 64-Bit Server VM (25.191-b12 mixed mode windows-amd64 compressed oops)
Heap:
 PSYoungGen      total 88064K, used 18624K [0x00000000eab00000, 0x00000000f2d80000, 0x0000000100000000)
  eden space 75264K, 24% used [0x00000000eab00000,0x00000000ebd30008,0x00000000ef480000)
  from space 12800K, 0% used [0x00000000ef480000,0x00000000ef480000,0x00000000f0100000)
  to   space 14336K, 0% used [0x00000000f1f80000,0x00000000f1f80000,0x00000000f2d80000)
 ParOldGen       total 59904K, used 18431K [0x00000000c0000000, 0x00000000c3a80000, 0x00000000eab00000)
  object space 59904K, 30% used [0x00000000c0000000,0x00000000c11ffe58,0x00000000c3a80000)
 Metaspace       used 35257K, capacity 36816K, committed 36992K, reserved 1081344K
  class space    used 4619K, capacity 4913K, committed 4992K, reserved 1048576K
GC Heap History (10 events):
Event: 7.616 GC heap before
{Heap before GC invocations=7 (full 1):
 PSYoungGen      total 35328K, used 32768K [0x00000000eab00000, 0x00000000efa00000, 0x0000000100000000)
  eden space 32768K, 100% used [0x00000000eab00000,0x00000000ecb00000,0x00000000ecb00000)
  from space 2560K, 0% used [0x00000000ecb00000,0x00000000ecb00000,0x00000000ecd80000)
  to   space 7680K, 0% used [0x00000000ef280000,0x00000000ef280000,0x00000000efa00000)
 ParOldGen       total 37888K, used 8574K [0x00000000c0000000, 0x00000000c2500000, 0x00000000eab00000)
  object space 37888K, 22% used [0x00000000c0000000,0x00000000c085f880,0x00000000c2500000)
 Metaspace       used 22013K, capacity 22532K, committed 22784K, reserved 1069056K
  class space    used 2850K, capacity 2989K, committed 3072K, reserved 1048576K
Event: 7.634 GC heap after
Heap after GC invocations=7 (full 1):
 PSYoungGen      total 54784K, used 4154K [0x00000000eab00000, 0x00000000ef700000, 0x0000000100000000)
  eden space 50176K, 0% used [0x00000000eab00000,0x00000000eab00000,0x00000000edc00000)
  from space 4608K, 90% used [0x00000000ef280000,0x00000000ef68e9b0,0x00000000ef700000)
  to   space 7680K, 0% used [0x00000000ee800000,0x00000000ee800000,0x00000000eef80000)
 ParOldGen       total 37888K, used 8582K [0x00000000c0000000, 0x00000000c2500000, 0x00000000eab00000)
  object space 37888K, 22% used [0x00000000c0000000,0x00000000c0861880,0x00000000c2500000)
 Metaspace       used 22013K, capacity 22532K, committed 22784K, reserved 1069056K
  class space    used 2850K, capacity 2989K, committed 3072K, reserved 1048576K
}
Event: 11.710 GC heap before
{Heap before GC invocations=8 (full 1):
 PSYoungGen      total 54784K, used 54330K [0x00000000eab00000, 0x00000000ef700000, 0x0000000100000000)
  eden space 50176K, 100% used [0x00000000eab00000,0x00000000edc00000,0x00000000edc00000)
  from space 4608K, 90% used [0x00000000ef280000,0x00000000ef68e9b0,0x00000000ef700000)
  to   space 7680K, 0% used [0x00000000ee800000,0x00000000ee800000,0x00000000eef80000)
 ParOldGen       total 37888K, used 8582K [0x00000000c0000000, 0x00000000c2500000, 0x00000000eab00000)
  object space 37888K, 22% used [0x00000000c0000000,0x00000000c0861880,0x00000000c2500000)
 Metaspace       used 25389K, capacity 26176K, committed 26368K, reserved 1073152K
  class space    used 3314K, capacity 3503K, committed 3584K, reserved 1048576K
Event: 11.846 GC heap after
Heap after GC invocations=8 (full 1):
 PSYoungGen      total 70144K, used 7663K [0x00000000eab00000, 0x00000000f0980000, 0x0000000100000000)
  eden space 62464K, 0% used [0x00000000eab00000,0x00000000eab00000,0x00000000ee800000)
  from space 7680K, 99% used [0x00000000ee800000,0x00000000eef7bd78,0x00000000eef80000)
  to   space 8704K, 0% used [0x00000000f0100000,0x00000000f0100000,0x00000000f0980000)
 ParOldGen       total 37888K, used 8877K [0x00000000c0000000, 0x00000000c2500000, 0x00000000eab00000)
  object space 37888K, 23% used [0x00000000c0000000,0x00000000c08ab770,0x00000000c2500000)
 Metaspace       used 25389K, capacity 26176K, committed 26368K, reserved 1073152K
  class space    used 3314K, capacity 3503K, committed 3584K, reserved 1048576K
}
Event: 17.093 GC heap before
{Heap before GC invocations=9 (full 1):
 PSYoungGen      total 70144K, used 70127K [0x00000000eab00000, 0x00000000f0980000, 0x0000000100000000)
  eden space 62464K, 100% used [0x00000000eab00000,0x00000000ee800000,0x00000000ee800000)
  from space 7680K, 99% used [0x00000000ee800000,0x00000000eef7bd78,0x00000000eef80000)
  to   space 8704K, 0% used [0x00000000f0100000,0x00000000f0100000,0x00000000f0980000)
 ParOldGen       total 37888K, used 8877K [0x00000000c0000000, 0x00000000c2500000, 0x00000000eab00000)
  object space 37888K, 23% used [0x00000000c0000000,0x00000000c08ab770,0x00000000c2500000)
 Metaspace       used 32313K, capacity 33612K, committed 33664K, reserved 1079296K
  class space    used 4205K, capacity 4475K, committed 4480K, reserved 1048576K
Event: 17.442 GC heap after
Heap after GC invocations=9 (full 1):
 PSYoungGen      total 83968K, used 8680K [0x00000000eab00000, 0x00000000f2a80000, 0x0000000100000000)
  eden space 75264K, 0% used [0x00000000eab00000,0x00000000eab00000,0x00000000ef480000)
  from space 8704K, 99% used [0x00000000f0100000,0x00000000f097a080,0x00000000f0980000)
  to   space 12800K, 0% used [0x00000000ef480000,0x00000000ef480000,0x00000000f0100000)
 ParOldGen       total 37888K, used 15563K [0x00000000c0000000, 0x00000000c2500000, 0x00000000eab00000)
  object space 37888K, 41% used [0x00000000c0000000,0x00000000c0f32f38,0x00000000c2500000)
 Metaspace       used 32313K, capacity 33612K, committed 33664K, reserved 1079296K
  class space    used 4205K, capacity 4475K, committed 4480K, reserved 1048576K
}
Event: 18.630 GC heap before
{Heap before GC invocations=10 (full 1):
 PSYoungGen      total 83968K, used 38726K [0x00000000eab00000, 0x00000000f2a80000, 0x0000000100000000)
  eden space 75264K, 39% used [0x00000000eab00000,0x00000000ec857b58,0x00000000ef480000)
  from space 8704K, 99% used [0x00000000f0100000,0x00000000f097a080,0x00000000f0980000)
  to   space 12800K, 0% used [0x00000000ef480000,0x00000000ef480000,0x00000000f0100000)
 ParOldGen       total 37888K, used 15563K [0x00000000c0000000, 0x00000000c2500000, 0x00000000eab00000)
  object space 37888K, 41% used [0x00000000c0000000,0x00000000c0f32f38,0x00000000c2500000)
 Metaspace       used 33991K, capacity 35376K, committed 35456K, reserved 1079296K
  class space    used 4422K, capacity 4719K, committed 4736K, reserved 1048576K
Event: 18.650 GC heap after
Heap after GC invocations=10 (full 1):
 PSYoungGen      total 88064K, used 11754K [0x00000000eab00000, 0x00000000f2d80000, 0x0000000100000000)
  eden space 75264K, 0% used [0x00000000eab00000,0x00000000eab00000,0x00000000ef480000)
  from space 12800K, 91% used [0x00000000ef480000,0x00000000efffa970,0x00000000f0100000)
  to   space 14336K, 0% used [0x00000000f1f80000,0x00000000f1f80000,0x00000000f2d80000)
 ParOldGen       total 37888K, used 15571K [0x00000000c0000000, 0x00000000c2500000, 0x00000000eab00000)
  object space 37888K, 41% used [0x00000000c0000000,0x00000000c0f34f38,0x00000000c2500000)
 Metaspace       used 33991K, capacity 35376K, committed 35456K, reserved 1079296K
  class space    used 4422K, capacity 4719K, committed 4736K, reserved 1048576K
}
Event: 18.650 GC heap before
{Heap before GC invocations=11 (full 2):
 PSYoungGen      total 88064K, used 11754K [0x00000000eab00000, 0x00000000f2d80000, 0x0000000100000000)
  eden space 75264K, 0% used [0x00000000eab00000,0x00000000eab00000,0x00000000ef480000)
  from space 12800K, 91% used [0x00000000ef480000,0x00000000efffa970,0x00000000f0100000)
  to   space 14336K, 0% used [0x00000000f1f80000,0x00000000f1f80000,0x00000000f2d80000)
 ParOldGen       total 37888K, used 15571K [0x00000000c0000000, 0x00000000c2500000, 0x00000000eab00000)
  object space 37888K, 41% used [0x00000000c0000000,0x00000000c0f34f38,0x00000000c2500000)
 Metaspace       used 33991K, capacity 35376K, committed 35456K, reserved 1079296K
  class space    used 4422K, capacity 4719K, committed 4736K, reserved 1048576K
Event: 18.942 GC heap after
Heap after GC invocations=11 (full 2):
 PSYoungGen      total 88064K, used 0K [0x00000000eab00000, 0x00000000f2d80000, 0x0000000100000000)
  eden space 75264K, 0% used [0x00000000eab00000,0x00000000eab00000,0x00000000ef480000)
  from space 12800K, 0% used [0x00000000ef480000,0x00000000ef480000,0x00000000f0100000)
  to   space 14336K, 0% used [0x00000000f1f80000,0x00000000f1f80000,0x00000000f2d80000)
 ParOldGen       total 59904K, used 18431K [0x00000000c0000000, 0x00000000c3a80000, 0x00000000eab00000)
  object space 59904K, 30% used [0x00000000c0000000,0x00000000c11ffe58,0x00000000c3a80000)
 Metaspace       used 33991K, capacity 35376K, committed 35456K, reserved 1079296K
  class space    used 4422K, capacity 4719K, committed 4736K, reserved 1048576K
}

